<?xml version='1.0'?>
<ns2:test-suite xmlns:ns2='urn:model.allure.qatools.yandex.ru' start='1648546904432' stop='1648546924602'>
    <name>Page Sign</name>
    <title>Page Sign</title>
    <test-cases>
        <test-case start='1648546904435' status='broken' stop='1648546914543'>
            <name>ouvrir le menu de la creation de compte</name>
            <title>ouvrir le menu de la creation de compte</title>
            <labels>
                <label name='language' value='javascript'/>
                <label name='framework' value='wdio'/>
                <label name='thread' value='0-8'/>
            </labels>
            <parameters>
                <parameter kind='argument' name='browser' value='chrome-99.0.4844.84'/>
            </parameters>
            <steps/>
            <attachments/>
            <failure>
                <message>Can't call click on element with selector "//*[@id="signin2"]" because element wasn't found</message>
                <stack-trace>Error: Can't call click on element with selector "//*[@id="signin2"]" because element wasn't found
                    at implicitWait (C:\Users\itkan\OneDrive\Bureau\SeleniumWebdriverIO_Docker\node_modules\webdriverio\build\utils\implicitWait.js:34:19)
                    at Element.elementErrorHandlerCallbackFn (C:\Users\itkan\OneDrive\Bureau\SeleniumWebdriverIO_Docker\node_modules\webdriverio\build\middlewares.js:20:29)
                    at Element.wrapCommandFn (C:\Users\itkan\OneDrive\Bureau\SeleniumWebdriverIO_Docker\node_modules\@wdio\utils\build\shim.js:137:29)
                    at Context.&lt;anonymous> (C:\Users\itkan\OneDrive\Bureau\SeleniumWebdriverIO_Docker\test\specs\/SignUp.js:16:6)</stack-trace>
            </failure>
        </test-case>
        <test-case start='1648546914553' status='broken' stop='1648546924592'>
            <name>creer un compte</name>
            <title>creer un compte</title>
            <labels>
                <label name='language' value='javascript'/>
                <label name='framework' value='wdio'/>
                <label name='thread' value='0-8'/>
            </labels>
            <parameters>
                <parameter kind='argument' name='browser' value='chrome-99.0.4844.84'/>
            </parameters>
            <steps/>
            <attachments/>
            <failure>
                <message>Can't call setValue on element with selector "//*[@id="sign-username"]" because element wasn't found</message>
                <stack-trace>Error: Can't call setValue on element with selector "//*[@id="sign-username"]" because element wasn't found
                    at implicitWait (C:\Users\itkan\OneDrive\Bureau\SeleniumWebdriverIO_Docker\node_modules\webdriverio\build\utils\implicitWait.js:34:19)
                    at Element.elementErrorHandlerCallbackFn (C:\Users\itkan\OneDrive\Bureau\SeleniumWebdriverIO_Docker\node_modules\webdriverio\build\middlewares.js:20:29)
                    at Element.wrapCommandFn (C:\Users\itkan\OneDrive\Bureau\SeleniumWebdriverIO_Docker\node_modules\@wdio\utils\build\shim.js:137:29)
                    at Context.&lt;anonymous> (C:\Users\itkan\OneDrive\Bureau\SeleniumWebdriverIO_Docker\test\specs\/SignUp.js:25:7)</stack-trace>
            </failure>
        </test-case>
    </test-cases>
</ns2:test-suite>