<?xml version='1.0'?>
<ns2:test-suite xmlns:ns2='urn:model.allure.qatools.yandex.ru' start='1648712480631' stop='1648712495405'>
    <name>Test Page Login / apres Login: Login</name>
    <title>Test Page Login / apres Login: Login</title>
    <test-cases>
        <test-case start='1648712480632' status='passed' stop='1648712490347'>
            <name>aller sur le login</name>
            <title>aller sur le login</title>
            <labels>
                <label name='language' value='javascript'/>
                <label name='framework' value='wdio'/>
                <label name='thread' value='1-1'/>
            </labels>
            <parameters>
                <parameter kind='argument' name='browser' value='firefox-98.0.2'/>
            </parameters>
            <steps/>
            <attachments/>
        </test-case>
        <test-case start='1648712490349' status='passed' stop='1648712495372'>
            <name>tentative de connexion</name>
            <title>tentative de connexion</title>
            <labels>
                <label name='language' value='javascript'/>
                <label name='framework' value='wdio'/>
                <label name='thread' value='1-1'/>
            </labels>
            <parameters>
                <parameter kind='argument' name='browser' value='firefox-98.0.2'/>
            </parameters>
            <steps/>
            <attachments/>
        </test-case>
        <test-case start='1648712495372' status='failed' stop='1648712495403'>
            <name>verification de la connexion</name>
            <title>verification de la connexion</title>
            <labels>
                <label name='language' value='javascript'/>
                <label name='framework' value='wdio'/>
                <label name='thread' value='1-1'/>
            </labels>
            <parameters>
                <parameter kind='argument' name='browser' value='firefox-98.0.2'/>
            </parameters>
            <steps/>
            <attachments/>
            <failure>
                <message>[Function (anonymous)] == 'Welcome yavich10'      
                      actual expected
                      
                      [Function'Welcome (anonymous)]yavich10'
                      </message>
                <stack-trace>AssertionError [ERR_ASSERTION]: [Function (anonymous)] == 'Welcome yavich10'
                    at Context.&lt;anonymous> (C:\Users\itkan\OneDrive\Bureau\SeleniumWebdriverIO_Docker\test\specs\/Test2_LogIn.js:27:19)</stack-trace>
            </failure>
        </test-case>
    </test-cases>
</ns2:test-suite>