<?xml version='1.0'?>
<ns2:test-suite xmlns:ns2='urn:model.allure.qatools.yandex.ru' start='1648572388138' stop='1648572397752'>
    <name>Test Page Login / apres Login: Login</name>
    <title>Test Page Login / apres Login: Login</title>
    <test-cases>
        <test-case start='1648572388139' status='passed' stop='1648572392377'>
            <name>aller sur le login</name>
            <title>aller sur le login</title>
            <labels>
                <label name='language' value='javascript'/>
                <label name='framework' value='wdio'/>
                <label name='thread' value='0-1'/>
            </labels>
            <parameters>
                <parameter kind='argument' name='browser' value='chrome-99.0.4844.84'/>
            </parameters>
            <steps/>
            <attachments/>
        </test-case>
        <test-case start='1648572392380' status='passed' stop='1648572397722'>
            <name>tentative de connexion</name>
            <title>tentative de connexion</title>
            <labels>
                <label name='language' value='javascript'/>
                <label name='framework' value='wdio'/>
                <label name='thread' value='0-1'/>
            </labels>
            <parameters>
                <parameter kind='argument' name='browser' value='chrome-99.0.4844.84'/>
            </parameters>
            <steps/>
            <attachments/>
        </test-case>
        <test-case start='1648572397722' status='failed' stop='1648572397749'>
            <name>verification de la connexion</name>
            <title>verification de la connexion</title>
            <labels>
                <label name='language' value='javascript'/>
                <label name='framework' value='wdio'/>
                <label name='thread' value='0-1'/>
            </labels>
            <parameters>
                <parameter kind='argument' name='browser' value='chrome-99.0.4844.84'/>
            </parameters>
            <steps/>
            <attachments/>
            <failure>
                <message>Expected values to be strictly equal:
                + actual - expected
                
                + [Function (anonymous)]
                - 'France'      
                      actual expected
                      
                      [Function (anonymous)]'France'
                      </message>
                <stack-trace>AssertionError [ERR_ASSERTION]: Expected values to be strictly equal:
                + actual - expected
                
                + [Function (anonymous)]
                - 'France'
                    at Context.&lt;anonymous> (C:\Users\itkan\OneDrive\Bureau\SeleniumWebdriverIO_Docker\test\specs\/Test2_LogIn.js:27:14)</stack-trace>
            </failure>
        </test-case>
    </test-cases>
</ns2:test-suite>